<?xml version="1.0" encoding="utf-8" standalone="no"?>
<!--This file represents the results of running a test suite-->
<test-results name="E:\psod\DDD Course\ReportViewerSolution\PatientHistory.UnitTests\bin\debug\PatientHistory.UnitTests.dll" total="4" errors="0" failures="0" not-run="0" inconclusive="0" ignored="0" skipped="0" invalid="0" date="2013-08-27" time="16:30:37">
  <environment nunit-version="2.6.2.12296" clr-version="4.0.30319.18051" os-version="Microsoft Windows NT 6.2.9200.0" platform="Win32NT" cwd="E:\psod\DDD Course\ReportViewerSolution" machine-name="JULIE-EIGHT" user="Julie" user-domain="JULIE-EIGHT" />
  <culture-info current-culture="en-US" current-uiculture="en-US" />
  <test-suite type="Assembly" name="E:\psod\DDD Course\ReportViewerSolution\PatientHistory.UnitTests\bin\debug\PatientHistory.UnitTests.dll" executed="True" result="Success" success="True" time="19.061" asserts="0">
    <results>
      <test-suite type="Namespace" name="TestsAndSpecs" executed="True" result="Success" success="True" time="19.037" asserts="0">
        <results>
          <test-suite type="Namespace" name="Features" executed="True" result="Success" success="True" time="19.037" asserts="0">
            <results>
              <test-suite type="Namespace" name="CheckedInPatients" executed="True" result="Success" success="True" time="18.405" asserts="0">
                <results>
                  <test-suite type="TestFixture" name="SelectPatientFromCheckedInListFeature" description="SelectPatientFromCheckedInList" executed="True" result="Success" success="True" time="18.402" asserts="0">
                    <results>
                      <test-case name="TestsAndSpecs.Features.CheckedInPatients.SelectPatientFromCheckedInListFeature.SelectPatientFromListOfCheckedInPatients" description="Select Patient from List of Checked In Patients" executed="True" result="Success" success="True" time="17.326" asserts="3">
                        <categories>
                          <category name="mytag" />
                        </categories>
                      </test-case>
                    </results>
                  </test-suite>
                </results>
              </test-suite>
              <test-suite type="Namespace" name="NameSearch" executed="True" result="Success" success="True" time="0.628" asserts="0">
                <results>
                  <test-suite type="TestFixture" name="RetrievePatientFromUserSelectionFeature" description="Retrieve Patient from User Selection" executed="True" result="Success" success="True" time="0.540" asserts="0">
                    <results>
                      <test-case name="TestsAndSpecs.Features.NameSearch.RetrievePatientFromUserSelectionFeature.RetrievePatientHistory" description="Retrieve patient history" executed="True" result="Success" success="True" time="0.538" asserts="1">
                        <categories>
                          <category name="mytag" />
                        </categories>
                      </test-case>
                    </results>
                  </test-suite>
                  <test-suite type="TestFixture" name="SearchForPatientFeature" description="SearchForPatient" executed="True" result="Success" success="True" time="0.085" asserts="0">
                    <results>
                      <test-case name="TestsAndSpecs.Features.NameSearch.SearchForPatientFeature.MatchingPatientsFound" description="Matching Patients Found" executed="True" result="Success" success="True" time="0.069" asserts="1">
                        <categories>
                          <category name="mytag2" />
                        </categories>
                      </test-case>
                      <test-case name="TestsAndSpecs.Features.NameSearch.SearchForPatientFeature.NoMatchingPatientsFound" description="No Matching Patients Found" executed="True" result="Success" success="True" time="0.013" asserts="1" />
                    </results>
                  </test-suite>
                </results>
              </test-suite>
            </results>
          </test-suite>
        </results>
      </test-suite>
    </results>
  </test-suite>
</test-results>